TempoSimulado: 10007.117905
Utilizacao ("Escalonador") = 0.982383
Comprimento medio fila ("Escalonador") = 32.9622
Periodo medio ocupado ("Escalonador") = 5.09369
Utilizacao ("CPU0") = 0.00155113
Comprimento medio fila ("CPU0") = 0
Periodo medio ocupado ("CPU0") = 7.76115
Utilizacao ("Disco0") = 0
Comprimento medio fila ("Disco0") = 0
Periodo medio ocupado ("Disco0") = 0
Utilizacao ("CPU1") = 0.000496345
Comprimento medio fila ("CPU1") = 0
Periodo medio ocupado ("CPU1") = 2.48349
Utilizacao ("Disco1") = 0.000206303
Comprimento medio fila ("Disco1") = 0
Periodo medio ocupado ("Disco1") = 2.0645
Utilizacao ("CPU2") = 0.000121061
Comprimento medio fila ("CPU2") = 0
Periodo medio ocupado ("CPU2") = 1.21147
Utilizacao ("Disco2") = 0
Comprimento medio fila ("Disco2") = 0
Periodo medio ocupado ("Disco2") = 0
Utilizacao ("CPU3") = 0.000937101
Comprimento medio fila ("CPU3") = 0
Periodo medio ocupado ("CPU3") = 4.68884
Utilizacao ("Disco3") = 0.000331415
Comprimento medio fila ("Disco3") = 0
Periodo medio ocupado ("Disco3") = 3.31651
